<?xml version="1.0" encoding="UTF-8"?>
<!-- Generated by org.testng.reporters.JUnitReportReporter -->
<testsuite hostname="LAPTOP-4T0UG90S" failures="0" tests="5" name="github_project.CuraHealthcare_Page" time="42.861" errors="0" timestamp="2024-10-26T16:49:58 IST" skipped="0">
  <testcase classname="github_project.CuraHealthcare_Page" name="loginpageMethod" time="12.219"/>
  <testcase classname="github_project.CuraHealthcare_Page" name="makeappointmentpageMethod" time="16.012"/>
  <testcase classname="github_project.CuraHealthcare_Page" name="confirmationpageMethod" time="2.939"/>
  <testcase classname="github_project.CuraHealthcare_Page" name="historypageMethod" time="6.879"/>
  <testcase classname="github_project.CuraHealthcare_Page" name="logoutpageMethod" time="4.812"/>
</testsuite> <!-- github_project.CuraHealthcare_Page -->
