<?xml version="1.0" encoding="UTF-8"?>
<!-- Generated by org.testng.reporters.JUnitReportReporter -->
<testsuite hostname="LAPTOP-4T0UG90S" failures="0" tests="2" name="github_project.CuraHealthcarePage" time="31.596" errors="0" timestamp="2024-10-26T14:37:18 IST" skipped="0">
  <testcase classname="github_project.CuraHealthcarePage" name="loginpageMethod" time="13.009"/>
  <testcase classname="github_project.CuraHealthcarePage" name="makeappointmentpageMethod" time="18.587"/>
</testsuite> <!-- github_project.CuraHealthcarePage -->
