<?xml version="1.0" encoding="UTF-8"?>
<!-- Generated by org.testng.reporters.JUnitReportReporter -->
<testsuite hostname="LAPTOP-4T0UG90S" failures="0" tests="11" name="github_project.QafoxPage" time="246.108" errors="0" timestamp="2024-09-29T17:50:50 IST" skipped="0">
  <testcase classname="github_project.QafoxPage" name="accountMethod" time="17.736"/>
  <testcase classname="github_project.QafoxPage" name="addressMethod" time="30.849"/>
  <testcase classname="github_project.QafoxPage" name="searchMethod" time="6.837"/>
  <testcase classname="github_project.QafoxPage" name="productpageoneMethod" time="36.122"/>
  <testcase classname="github_project.QafoxPage" name="headerMethod" time="6.762"/>
  <testcase classname="github_project.QafoxPage" name="productpagetwoMethod" time="10.709"/>
  <testcase classname="github_project.QafoxPage" name="productpagethreeMethod" time="21.767"/>
  <testcase classname="github_project.QafoxPage" name="wishlistMethod" time="29.246"/>
  <testcase classname="github_project.QafoxPage" name="comparisonMethod" time="31.081"/>
  <testcase classname="github_project.QafoxPage" name="addtocartMethod" time="29.903"/>
  <testcase classname="github_project.QafoxPage" name="checkoutMethod" time="25.096"/>
</testsuite> <!-- github_project.QafoxPage -->
